{"/home/escarabelg/dev/simple-bank-iterop-scalable/backend/src/app/usecases/client/create-client.usecase.ts": {"path":"/home/escarabelg/dev/simple-bank-iterop-scalable/backend/src/app/usecases/client/create-client.usecase.ts","statementMap":{"0":{"start":{"line":2,"column":0},"end":{"line":2,"column":77}},"1":{"start":{"line":14,"column":21},"end":{"line":14,"column":56}},"2":{"start":{"line":15,"column":21},"end":{"line":15,"column":66}},"3":{"start":{"line":16,"column":21},"end":{"line":16,"column":49}},"4":{"start":{"line":17,"column":21},"end":{"line":17,"column":43}},"5":{"start":{"line":21,"column":26},"end":{"line":23,"column":6}},"6":{"start":{"line":25,"column":4},"end":{"line":27,"column":5}},"7":{"start":{"line":26,"column":6},"end":{"line":26,"column":63}},"8":{"start":{"line":29,"column":19},"end":{"line":29,"column":61}},"9":{"start":{"line":30,"column":4},"end":{"line":34,"column":7}},"10":{"start":{"line":36,"column":4},"end":{"line":39,"column":6}},"11":{"start":{"line":41,"column":4},"end":{"line":41,"column":18}},"12":{"start":{"line":12,"column":0},"end":{"line":12,"column":13}}},"fnMap":{"0":{"name":"(anonymous_0)","decl":{"start":{"line":13,"column":2},"end":{"line":13,"column":null}},"loc":{"start":{"line":17,"column":43},"end":{"line":18,"column":6}}},"1":{"name":"(anonymous_1)","decl":{"start":{"line":20,"column":2},"end":{"line":20,"column":7}},"loc":{"start":{"line":20,"column":49},"end":{"line":42,"column":3}}}},"branchMap":{"0":{"loc":{"start":{"line":25,"column":4},"end":{"line":27,"column":5}},"type":"if","locations":[{"start":{"line":25,"column":4},"end":{"line":27,"column":5}}]}},"s":{"0":1,"1":2,"2":2,"3":2,"4":2,"5":2,"6":2,"7":1,"8":1,"9":1,"10":1,"11":1,"12":1},"f":{"0":2,"1":2},"b":{"0":[1]}}
,"/home/escarabelg/dev/simple-bank-iterop-scalable/backend/src/app/usecases/client/delete-client.usecase.ts": {"path":"/home/escarabelg/dev/simple-bank-iterop-scalable/backend/src/app/usecases/client/delete-client.usecase.ts","statementMap":{"0":{"start":{"line":9,"column":21},"end":{"line":9,"column":56}},"1":{"start":{"line":10,"column":21},"end":{"line":10,"column":49}},"2":{"start":{"line":11,"column":21},"end":{"line":11,"column":43}},"3":{"start":{"line":15,"column":25},"end":{"line":15,"column":66}},"4":{"start":{"line":17,"column":4},"end":{"line":19,"column":5}},"5":{"start":{"line":18,"column":6},"end":{"line":18,"column":56}},"6":{"start":{"line":21,"column":4},"end":{"line":21,"column":60}},"7":{"start":{"line":23,"column":4},"end":{"line":26,"column":6}},"8":{"start":{"line":7,"column":0},"end":{"line":7,"column":13}}},"fnMap":{"0":{"name":"(anonymous_0)","decl":{"start":{"line":8,"column":2},"end":{"line":8,"column":null}},"loc":{"start":{"line":11,"column":43},"end":{"line":12,"column":6}}},"1":{"name":"(anonymous_1)","decl":{"start":{"line":14,"column":2},"end":{"line":14,"column":7}},"loc":{"start":{"line":14,"column":38},"end":{"line":27,"column":3}}}},"branchMap":{"0":{"loc":{"start":{"line":17,"column":4},"end":{"line":19,"column":5}},"type":"if","locations":[{"start":{"line":17,"column":4},"end":{"line":19,"column":5}}]}},"s":{"0":2,"1":2,"2":2,"3":2,"4":2,"5":1,"6":1,"7":1,"8":1},"f":{"0":2,"1":2},"b":{"0":[1]}}
,"/home/escarabelg/dev/simple-bank-iterop-scalable/backend/src/app/usecases/client/get-client.usecase.ts": {"path":"/home/escarabelg/dev/simple-bank-iterop-scalable/backend/src/app/usecases/client/get-client.usecase.ts","statementMap":{"0":{"start":{"line":8,"column":21},"end":{"line":8,"column":56}},"1":{"start":{"line":9,"column":21},"end":{"line":9,"column":49}},"2":{"start":{"line":13,"column":25},"end":{"line":13,"column":66}},"3":{"start":{"line":15,"column":4},"end":{"line":17,"column":5}},"4":{"start":{"line":16,"column":6},"end":{"line":16,"column":56}},"5":{"start":{"line":19,"column":4},"end":{"line":19,"column":24}},"6":{"start":{"line":6,"column":0},"end":{"line":6,"column":13}}},"fnMap":{"0":{"name":"(anonymous_0)","decl":{"start":{"line":7,"column":2},"end":{"line":7,"column":null}},"loc":{"start":{"line":9,"column":49},"end":{"line":10,"column":6}}},"1":{"name":"(anonymous_1)","decl":{"start":{"line":12,"column":2},"end":{"line":12,"column":7}},"loc":{"start":{"line":12,"column":38},"end":{"line":20,"column":3}}}},"branchMap":{"0":{"loc":{"start":{"line":15,"column":4},"end":{"line":17,"column":5}},"type":"if","locations":[{"start":{"line":15,"column":4},"end":{"line":17,"column":5}}]}},"s":{"0":2,"1":2,"2":2,"3":2,"4":1,"5":1,"6":1},"f":{"0":2,"1":2},"b":{"0":[1]}}
,"/home/escarabelg/dev/simple-bank-iterop-scalable/backend/src/app/usecases/client/list-client.usecase.ts": {"path":"/home/escarabelg/dev/simple-bank-iterop-scalable/backend/src/app/usecases/client/list-client.usecase.ts","statementMap":{"0":{"start":{"line":6,"column":31},"end":{"line":6,"column":66}},"1":{"start":{"line":9,"column":20},"end":{"line":9,"column":56}},"2":{"start":{"line":10,"column":4},"end":{"line":10,"column":19}},"3":{"start":{"line":5,"column":0},"end":{"line":5,"column":13}}},"fnMap":{"0":{"name":"(anonymous_0)","decl":{"start":{"line":6,"column":2},"end":{"line":6,"column":31}},"loc":{"start":{"line":6,"column":66},"end":{"line":6,"column":70}}},"1":{"name":"(anonymous_1)","decl":{"start":{"line":8,"column":2},"end":{"line":8,"column":7}},"loc":{"start":{"line":8,"column":15},"end":{"line":11,"column":3}}}},"branchMap":{},"s":{"0":2,"1":2,"2":2,"3":1},"f":{"0":2,"1":2},"b":{}}
,"/home/escarabelg/dev/simple-bank-iterop-scalable/backend/src/app/usecases/client/update-client.usecase.ts": {"path":"/home/escarabelg/dev/simple-bank-iterop-scalable/backend/src/app/usecases/client/update-client.usecase.ts","statementMap":{"0":{"start":{"line":12,"column":21},"end":{"line":12,"column":56}},"1":{"start":{"line":13,"column":21},"end":{"line":13,"column":49}},"2":{"start":{"line":14,"column":21},"end":{"line":14,"column":43}},"3":{"start":{"line":18,"column":25},"end":{"line":20,"column":6}},"4":{"start":{"line":22,"column":4},"end":{"line":24,"column":5}},"5":{"start":{"line":23,"column":6},"end":{"line":23,"column":56}},"6":{"start":{"line":26,"column":19},"end":{"line":26,"column":61}},"7":{"start":{"line":28,"column":4},"end":{"line":31,"column":6}},"8":{"start":{"line":33,"column":4},"end":{"line":33,"column":18}},"9":{"start":{"line":10,"column":0},"end":{"line":10,"column":13}}},"fnMap":{"0":{"name":"(anonymous_0)","decl":{"start":{"line":11,"column":2},"end":{"line":11,"column":null}},"loc":{"start":{"line":14,"column":43},"end":{"line":15,"column":6}}},"1":{"name":"(anonymous_1)","decl":{"start":{"line":17,"column":2},"end":{"line":17,"column":7}},"loc":{"start":{"line":17,"column":42},"end":{"line":34,"column":3}}}},"branchMap":{"0":{"loc":{"start":{"line":22,"column":4},"end":{"line":24,"column":5}},"type":"if","locations":[{"start":{"line":22,"column":4},"end":{"line":24,"column":5}}]}},"s":{"0":2,"1":2,"2":2,"3":2,"4":2,"5":1,"6":1,"7":1,"8":1,"9":1},"f":{"0":2,"1":2},"b":{"0":[1]}}
,"/home/escarabelg/dev/simple-bank-iterop-scalable/backend/src/app/usecases/transaction/create-transaction.usecase.ts": {"path":"/home/escarabelg/dev/simple-bank-iterop-scalable/backend/src/app/usecases/transaction/create-transaction.usecase.ts","statementMap":{"0":{"start":{"line":10,"column":0},"end":{"line":10,"column":66}},"1":{"start":{"line":14,"column":21},"end":{"line":14,"column":56}},"2":{"start":{"line":15,"column":21},"end":{"line":15,"column":66}},"3":{"start":{"line":16,"column":21},"end":{"line":16,"column":49}},"4":{"start":{"line":17,"column":21},"end":{"line":17,"column":43}},"5":{"start":{"line":23,"column":4},"end":{"line":27,"column":5}},"6":{"start":{"line":24,"column":6},"end":{"line":26,"column":8}},"7":{"start":{"line":29,"column":25},"end":{"line":31,"column":6}},"8":{"start":{"line":33,"column":4},"end":{"line":35,"column":5}},"9":{"start":{"line":34,"column":6},"end":{"line":34,"column":56}},"10":{"start":{"line":37,"column":4},"end":{"line":52,"column":5}},"11":{"start":{"line":38,"column":26},"end":{"line":38,"column":73}},"12":{"start":{"line":40,"column":6},"end":{"line":43,"column":8}},"13":{"start":{"line":45,"column":6},"end":{"line":45,"column":25}},"14":{"start":{"line":47,"column":6},"end":{"line":49,"column":7}},"15":{"start":{"line":48,"column":8},"end":{"line":48,"column":62}},"16":{"start":{"line":51,"column":6},"end":{"line":51,"column":18}},"17":{"start":{"line":12,"column":0},"end":{"line":12,"column":13}}},"fnMap":{"0":{"name":"(anonymous_0)","decl":{"start":{"line":13,"column":2},"end":{"line":13,"column":null}},"loc":{"start":{"line":17,"column":43},"end":{"line":18,"column":6}}},"1":{"name":"(anonymous_1)","decl":{"start":{"line":20,"column":2},"end":{"line":20,"column":7}},"loc":{"start":{"line":21,"column":42},"end":{"line":53,"column":3}}}},"branchMap":{"0":{"loc":{"start":{"line":23,"column":4},"end":{"line":27,"column":5}},"type":"if","locations":[{"start":{"line":23,"column":4},"end":{"line":27,"column":5}}]},"1":{"loc":{"start":{"line":33,"column":4},"end":{"line":35,"column":5}},"type":"if","locations":[{"start":{"line":33,"column":4},"end":{"line":35,"column":5}}]},"2":{"loc":{"start":{"line":47,"column":6},"end":{"line":49,"column":7}},"type":"if","locations":[{"start":{"line":47,"column":6},"end":{"line":49,"column":7}}]}},"s":{"0":1,"1":5,"2":5,"3":5,"4":5,"5":5,"6":1,"7":4,"8":4,"9":1,"10":3,"11":3,"12":1,"13":1,"14":2,"15":1,"16":1,"17":1},"f":{"0":5,"1":5},"b":{"0":[1],"1":[1],"2":[1]}}
,"/home/escarabelg/dev/simple-bank-iterop-scalable/backend/src/app/usecases/transaction/list-transaction.usecase.ts": {"path":"/home/escarabelg/dev/simple-bank-iterop-scalable/backend/src/app/usecases/transaction/list-transaction.usecase.ts","statementMap":{"0":{"start":{"line":10,"column":21},"end":{"line":10,"column":56}},"1":{"start":{"line":11,"column":21},"end":{"line":11,"column":66}},"2":{"start":{"line":12,"column":21},"end":{"line":12,"column":49}},"3":{"start":{"line":16,"column":25},"end":{"line":18,"column":6}},"4":{"start":{"line":20,"column":4},"end":{"line":22,"column":5}},"5":{"start":{"line":21,"column":6},"end":{"line":21,"column":56}},"6":{"start":{"line":24,"column":25},"end":{"line":25,"column":null}},"7":{"start":{"line":28,"column":4},"end":{"line":28,"column":24}},"8":{"start":{"line":8,"column":0},"end":{"line":8,"column":13}}},"fnMap":{"0":{"name":"(anonymous_0)","decl":{"start":{"line":9,"column":2},"end":{"line":9,"column":null}},"loc":{"start":{"line":12,"column":49},"end":{"line":13,"column":6}}},"1":{"name":"(anonymous_1)","decl":{"start":{"line":15,"column":2},"end":{"line":15,"column":7}},"loc":{"start":{"line":15,"column":45},"end":{"line":29,"column":3}}}},"branchMap":{"0":{"loc":{"start":{"line":20,"column":4},"end":{"line":22,"column":5}},"type":"if","locations":[{"start":{"line":20,"column":4},"end":{"line":22,"column":5}}]}},"s":{"0":2,"1":2,"2":2,"3":2,"4":2,"5":1,"6":1,"7":1,"8":1},"f":{"0":2,"1":2},"b":{"0":[1]}}
,"/home/escarabelg/dev/simple-bank-iterop-scalable/backend/src/domain/entities/client.entity.ts": {"path":"/home/escarabelg/dev/simple-bank-iterop-scalable/backend/src/domain/entities/client.entity.ts","statementMap":{"0":{"start":{"line":1,"column":0},"end":{"line":1,"column":13}}},"fnMap":{},"branchMap":{},"s":{"0":0},"f":{},"b":{}}
,"/home/escarabelg/dev/simple-bank-iterop-scalable/backend/src/domain/entities/transaction.entity.ts": {"path":"/home/escarabelg/dev/simple-bank-iterop-scalable/backend/src/domain/entities/transaction.entity.ts","statementMap":{"0":{"start":{"line":4,"column":0},"end":{"line":4,"column":13}}},"fnMap":{},"branchMap":{},"s":{"0":0},"f":{},"b":{}}
,"/home/escarabelg/dev/simple-bank-iterop-scalable/backend/src/domain/enums/transaction-type.enum.ts": {"path":"/home/escarabelg/dev/simple-bank-iterop-scalable/backend/src/domain/enums/transaction-type.enum.ts","statementMap":{"0":{"start":{"line":1,"column":0},"end":{"line":1,"column":null}},"1":{"start":{"line":2,"column":2},"end":{"line":2,"column":null}},"2":{"start":{"line":3,"column":2},"end":{"line":3,"column":null}},"3":{"start":{"line":4,"column":2},"end":{"line":4,"column":null}}},"fnMap":{"0":{"name":"(anonymous_0)","decl":{"start":{"line":1,"column":0},"end":{"line":1,"column":12}},"loc":{"start":{"line":1,"column":31},"end":{"line":5,"column":1}}}},"branchMap":{"0":{"loc":{"start":{"line":1,"column":12},"end":{"line":1,"column":null}},"type":"binary-expr","locations":[{"start":{"line":1,"column":12},"end":{"line":1,"column":31}},{"start":{"line":1,"column":31},"end":{"line":1,"column":null}}]}},"s":{"0":5,"1":5,"2":5,"3":5},"f":{"0":5},"b":{"0":[5,5]}}
,"/home/escarabelg/dev/simple-bank-iterop-scalable/backend/src/infra/bank-money/bank-money.infra.ts": {"path":"/home/escarabelg/dev/simple-bank-iterop-scalable/backend/src/infra/bank-money/bank-money.infra.ts","statementMap":{"0":{"start":{"line":1,"column":0},"end":{"line":1,"column":37}},"1":{"start":{"line":11,"column":4},"end":{"line":11,"column":23}},"2":{"start":{"line":15,"column":4},"end":{"line":15,"column":70}},"3":{"start":{"line":15,"column":36},"end":{"line":15,"column":70}},"4":{"start":{"line":16,"column":4},"end":{"line":16,"column":64}},"5":{"start":{"line":16,"column":36},"end":{"line":16,"column":64}},"6":{"start":{"line":17,"column":4},"end":{"line":17,"column":66}},"7":{"start":{"line":21,"column":4},"end":{"line":21,"column":65}},"8":{"start":{"line":25,"column":4},"end":{"line":25,"column":66}},"9":{"start":{"line":29,"column":4},"end":{"line":29,"column":48}},"10":{"start":{"line":33,"column":4},"end":{"line":33,"column":49}},"11":{"start":{"line":37,"column":4},"end":{"line":37,"column":48}},"12":{"start":{"line":41,"column":4},"end":{"line":41,"column":73}},"13":{"start":{"line":45,"column":4},"end":{"line":45,"column":75}},"14":{"start":{"line":49,"column":4},"end":{"line":49,"column":33}},"15":{"start":{"line":53,"column":4},"end":{"line":53,"column":55}},"16":{"start":{"line":53,"column":36},"end":{"line":53,"column":55}},"17":{"start":{"line":54,"column":4},"end":{"line":54,"column":49}},"18":{"start":{"line":54,"column":36},"end":{"line":54,"column":49}},"19":{"start":{"line":55,"column":4},"end":{"line":55,"column":51}},"20":{"start":{"line":7,"column":0},"end":{"line":7,"column":13}}},"fnMap":{"0":{"name":"(anonymous_0)","decl":{"start":{"line":10,"column":2},"end":{"line":10,"column":22}},"loc":{"start":{"line":10,"column":38},"end":{"line":12,"column":3}}},"1":{"name":"(anonymous_1)","decl":{"start":{"line":14,"column":2},"end":{"line":14,"column":8}},"loc":{"start":{"line":14,"column":38},"end":{"line":18,"column":3}}},"2":{"name":"(anonymous_2)","decl":{"start":{"line":20,"column":9},"end":{"line":20,"column":12}},"loc":{"start":{"line":20,"column":35},"end":{"line":22,"column":3}}},"3":{"name":"(anonymous_3)","decl":{"start":{"line":24,"column":9},"end":{"line":24,"column":12}},"loc":{"start":{"line":24,"column":35},"end":{"line":26,"column":3}}},"4":{"name":"(anonymous_4)","decl":{"start":{"line":28,"column":9},"end":{"line":28,"column":11}},"loc":{"start":{"line":28,"column":34},"end":{"line":30,"column":3}}},"5":{"name":"(anonymous_5)","decl":{"start":{"line":32,"column":9},"end":{"line":32,"column":12}},"loc":{"start":{"line":32,"column":35},"end":{"line":34,"column":3}}},"6":{"name":"(anonymous_6)","decl":{"start":{"line":36,"column":9},"end":{"line":36,"column":11}},"loc":{"start":{"line":36,"column":34},"end":{"line":38,"column":3}}},"7":{"name":"(anonymous_7)","decl":{"start":{"line":40,"column":9},"end":{"line":40,"column":14}},"loc":{"start":{"line":40,"column":37},"end":{"line":42,"column":3}}},"8":{"name":"(anonymous_8)","decl":{"start":{"line":44,"column":9},"end":{"line":44,"column":14}},"loc":{"start":{"line":44,"column":36},"end":{"line":46,"column":3}}},"9":{"name":"(anonymous_9)","decl":{"start":{"line":48,"column":9},"end":{"line":48,"column":17}},"loc":{"start":{"line":48,"column":17},"end":{"line":50,"column":3}}},"10":{"name":"(anonymous_10)","decl":{"start":{"line":52,"column":10},"end":{"line":52,"column":19}},"loc":{"start":{"line":52,"column":42},"end":{"line":56,"column":3}}}},"branchMap":{"0":{"loc":{"start":{"line":15,"column":4},"end":{"line":15,"column":70}},"type":"if","locations":[{"start":{"line":15,"column":4},"end":{"line":15,"column":70}}]},"1":{"loc":{"start":{"line":16,"column":4},"end":{"line":16,"column":64}},"type":"if","locations":[{"start":{"line":16,"column":4},"end":{"line":16,"column":64}}]},"2":{"loc":{"start":{"line":53,"column":4},"end":{"line":53,"column":55}},"type":"if","locations":[{"start":{"line":53,"column":4},"end":{"line":53,"column":55}}]},"3":{"loc":{"start":{"line":54,"column":4},"end":{"line":54,"column":49}},"type":"if","locations":[{"start":{"line":54,"column":4},"end":{"line":54,"column":49}}]}},"s":{"0":4,"1":58,"2":40,"3":1,"4":39,"5":1,"6":38,"7":3,"8":3,"9":4,"10":5,"11":2,"12":2,"13":10,"14":25,"15":19,"16":6,"17":13,"18":0,"19":13,"20":4},"f":{"0":58,"1":40,"2":3,"3":3,"4":4,"5":5,"6":2,"7":2,"8":10,"9":25,"10":19},"b":{"0":[1],"1":[1],"2":[6],"3":[0]}}
,"/home/escarabelg/dev/simple-bank-iterop-scalable/backend/src/infra/exception/exception.infra.ts": {"path":"/home/escarabelg/dev/simple-bank-iterop-scalable/backend/src/infra/exception/exception.infra.ts","statementMap":{"0":{"start":{"line":1,"column":0},"end":{"line":1,"column":null}},"1":{"start":{"line":10,"column":4},"end":{"line":10,"column":44}},"2":{"start":{"line":14,"column":4},"end":{"line":14,"column":53}},"3":{"start":{"line":18,"column":4},"end":{"line":18,"column":42}},"4":{"start":{"line":8,"column":0},"end":{"line":8,"column":13}}},"fnMap":{"0":{"name":"(anonymous_0)","decl":{"start":{"line":9,"column":9},"end":{"line":9,"column":19}},"loc":{"start":{"line":9,"column":35},"end":{"line":11,"column":3}}},"1":{"name":"(anonymous_1)","decl":{"start":{"line":13,"column":9},"end":{"line":13,"column":28}},"loc":{"start":{"line":13,"column":45},"end":{"line":15,"column":3}}},"2":{"name":"(anonymous_2)","decl":{"start":{"line":17,"column":9},"end":{"line":17,"column":17}},"loc":{"start":{"line":17,"column":33},"end":{"line":19,"column":3}}}},"branchMap":{},"s":{"0":1,"1":1,"2":2,"3":1,"4":1},"f":{"0":1,"1":2,"2":1},"b":{}}
,"/home/escarabelg/dev/simple-bank-iterop-scalable/backend/src/infra/logger/logger.infra.ts": {"path":"/home/escarabelg/dev/simple-bank-iterop-scalable/backend/src/infra/logger/logger.infra.ts","statementMap":{"0":{"start":{"line":1,"column":0},"end":{"line":1,"column":40}},"1":{"start":{"line":6,"column":4},"end":{"line":6,"column":45}},"2":{"start":{"line":9,"column":4},"end":{"line":9,"column":55}},"3":{"start":{"line":4,"column":0},"end":{"line":4,"column":13}}},"fnMap":{"0":{"name":"(anonymous_0)","decl":{"start":{"line":5,"column":2},"end":{"line":5,"column":6}},"loc":{"start":{"line":5,"column":39},"end":{"line":7,"column":3}}},"1":{"name":"(anonymous_1)","decl":{"start":{"line":8,"column":2},"end":{"line":8,"column":7}},"loc":{"start":{"line":8,"column":56},"end":{"line":10,"column":3}}}},"branchMap":{},"s":{"0":3,"1":1,"2":2,"3":3},"f":{"0":1,"1":2},"b":{}}
,"/home/escarabelg/dev/simple-bank-iterop-scalable/backend/src/infra/repositories/client.repository.ts": {"path":"/home/escarabelg/dev/simple-bank-iterop-scalable/backend/src/infra/repositories/client.repository.ts","statementMap":{"0":{"start":{"line":3,"column":0},"end":{"line":3,"column":55}},"1":{"start":{"line":5,"column":0},"end":{"line":5,"column":69}},"2":{"start":{"line":15,"column":31},"end":{"line":15,"column":59}},"3":{"start":{"line":16,"column":4},"end":{"line":16,"column":38}},"4":{"start":{"line":20,"column":4},"end":{"line":33,"column":5}},"5":{"start":{"line":21,"column":28},"end":{"line":23,"column":8}},"6":{"start":{"line":24,"column":6},"end":{"line":24,"column":42}},"7":{"start":{"line":26,"column":6},"end":{"line":26,"column":67}},"8":{"start":{"line":27,"column":6},"end":{"line":31,"column":7}},"9":{"start":{"line":28,"column":8},"end":{"line":30,"column":10}},"10":{"start":{"line":32,"column":6},"end":{"line":32,"column":71}},"11":{"start":{"line":37,"column":4},"end":{"line":55,"column":5}},"12":{"start":{"line":38,"column":20},"end":{"line":38,"column":29}},"13":{"start":{"line":39,"column":6},"end":{"line":39,"column":42}},"14":{"start":{"line":39,"column":21},"end":{"line":39,"column":42}},"15":{"start":{"line":40,"column":6},"end":{"line":41,"column":68}},"16":{"start":{"line":41,"column":8},"end":{"line":41,"column":68}},"17":{"start":{"line":42,"column":6},"end":{"line":42,"column":51}},"18":{"start":{"line":42,"column":24},"end":{"line":42,"column":51}},"19":{"start":{"line":43,"column":6},"end":{"line":43,"column":63}},"20":{"start":{"line":43,"column":28},"end":{"line":43,"column":63}},"21":{"start":{"line":45,"column":22},"end":{"line":49,"column":8}},"22":{"start":{"line":51,"column":6},"end":{"line":51,"column":62}},"23":{"start":{"line":53,"column":6},"end":{"line":53,"column":72}},"24":{"start":{"line":54,"column":6},"end":{"line":54,"column":52}},"25":{"start":{"line":59,"column":4},"end":{"line":73,"column":5}},"26":{"start":{"line":60,"column":21},"end":{"line":65,"column":8}},"27":{"start":{"line":66,"column":6},"end":{"line":66,"column":51}},"28":{"start":{"line":68,"column":6},"end":{"line":71,"column":8}},"29":{"start":{"line":72,"column":6},"end":{"line":72,"column":46}},"30":{"start":{"line":77,"column":4},"end":{"line":104,"column":5}},"31":{"start":{"line":78,"column":28},"end":{"line":83,"column":8}},"32":{"start":{"line":85,"column":6},"end":{"line":85,"column":42}},"33":{"start":{"line":87,"column":6},"end":{"line":90,"column":8}},"34":{"start":{"line":91,"column":6},"end":{"line":95,"column":7}},"35":{"start":{"line":94,"column":8},"end":{"line":94,"column":60}},"36":{"start":{"line":96,"column":6},"end":{"line":102,"column":7}},"37":{"start":{"line":99,"column":8},"end":{"line":101,"column":10}},"38":{"start":{"line":103,"column":6},"end":{"line":103,"column":71}},"39":{"start":{"line":108,"column":4},"end":{"line":121,"column":5}},"40":{"start":{"line":109,"column":6},"end":{"line":111,"column":9}},"41":{"start":{"line":113,"column":6},"end":{"line":116,"column":8}},"42":{"start":{"line":117,"column":6},"end":{"line":119,"column":7}},"43":{"start":{"line":118,"column":8},"end":{"line":118,"column":60}},"44":{"start":{"line":120,"column":6},"end":{"line":120,"column":71}},"45":{"start":{"line":125,"column":4},"end":{"line":139,"column":5}},"46":{"start":{"line":126,"column":6},"end":{"line":129,"column":9}},"47":{"start":{"line":131,"column":6},"end":{"line":134,"column":8}},"48":{"start":{"line":135,"column":6},"end":{"line":137,"column":7}},"49":{"start":{"line":136,"column":8},"end":{"line":136,"column":64}},"50":{"start":{"line":138,"column":6},"end":{"line":138,"column":75}},"51":{"start":{"line":152,"column":4},"end":{"line":154,"column":5}},"52":{"start":{"line":153,"column":6},"end":{"line":153,"column":18}},"53":{"start":{"line":156,"column":4},"end":{"line":163,"column":22}},"54":{"start":{"line":13,"column":0},"end":{"line":13,"column":13}}},"fnMap":{"0":{"name":"(anonymous_0)","decl":{"start":{"line":15,"column":2},"end":{"line":15,"column":31}},"loc":{"start":{"line":15,"column":59},"end":{"line":17,"column":3}}},"1":{"name":"(anonymous_1)","decl":{"start":{"line":19,"column":9},"end":{"line":19,"column":14}},"loc":{"start":{"line":19,"column":48},"end":{"line":34,"column":3}}},"2":{"name":"(anonymous_2)","decl":{"start":{"line":36,"column":9},"end":{"line":36,"column":14}},"loc":{"start":{"line":36,"column":49},"end":{"line":56,"column":3}}},"3":{"name":"(anonymous_3)","decl":{"start":{"line":58,"column":9},"end":{"line":58,"column":14}},"loc":{"start":{"line":58,"column":46},"end":{"line":74,"column":3}}},"4":{"name":"(anonymous_4)","decl":{"start":{"line":76,"column":9},"end":{"line":76,"column":14}},"loc":{"start":{"line":76,"column":48},"end":{"line":105,"column":3}}},"5":{"name":"(anonymous_5)","decl":{"start":{"line":107,"column":9},"end":{"line":107,"column":14}},"loc":{"start":{"line":107,"column":48},"end":{"line":122,"column":3}}},"6":{"name":"(anonymous_6)","decl":{"start":{"line":124,"column":9},"end":{"line":124,"column":14}},"loc":{"start":{"line":124,"column":47},"end":{"line":140,"column":3}}},"7":{"name":"(anonymous_7)","decl":{"start":{"line":142,"column":10},"end":{"line":142,"column":18}},"loc":{"start":{"line":150,"column":12},"end":{"line":164,"column":3}}}},"branchMap":{"0":{"loc":{"start":{"line":27,"column":6},"end":{"line":31,"column":7}},"type":"if","locations":[{"start":{"line":27,"column":6},"end":{"line":31,"column":7}}]},"1":{"loc":{"start":{"line":39,"column":6},"end":{"line":39,"column":42}},"type":"if","locations":[{"start":{"line":39,"column":6},"end":{"line":39,"column":42}}]},"2":{"loc":{"start":{"line":40,"column":6},"end":{"line":41,"column":68}},"type":"if","locations":[{"start":{"line":40,"column":6},"end":{"line":41,"column":68}}]},"3":{"loc":{"start":{"line":42,"column":6},"end":{"line":42,"column":51}},"type":"if","locations":[{"start":{"line":42,"column":6},"end":{"line":42,"column":51}}]},"4":{"loc":{"start":{"line":43,"column":6},"end":{"line":43,"column":63}},"type":"if","locations":[{"start":{"line":43,"column":6},"end":{"line":43,"column":63}}]},"5":{"loc":{"start":{"line":51,"column":13},"end":{"line":51,"column":61}},"type":"cond-expr","locations":[{"start":{"line":51,"column":30},"end":{"line":51,"column":56}},{"start":{"line":51,"column":59},"end":{"line":51,"column":61}}]},"6":{"loc":{"start":{"line":66,"column":13},"end":{"line":66,"column":50}},"type":"cond-expr","locations":[{"start":{"line":66,"column":22},"end":{"line":66,"column":43}},{"start":{"line":66,"column":46},"end":{"line":66,"column":50}}]},"7":{"loc":{"start":{"line":91,"column":6},"end":{"line":95,"column":7}},"type":"if","locations":[{"start":{"line":91,"column":6},"end":{"line":95,"column":7}}]},"8":{"loc":{"start":{"line":96,"column":6},"end":{"line":102,"column":7}},"type":"if","locations":[{"start":{"line":96,"column":6},"end":{"line":102,"column":7}}]},"9":{"loc":{"start":{"line":117,"column":6},"end":{"line":119,"column":7}},"type":"if","locations":[{"start":{"line":117,"column":6},"end":{"line":119,"column":7}}]},"10":{"loc":{"start":{"line":135,"column":6},"end":{"line":137,"column":7}},"type":"if","locations":[{"start":{"line":135,"column":6},"end":{"line":137,"column":7}}]},"11":{"loc":{"start":{"line":152,"column":4},"end":{"line":154,"column":5}},"type":"if","locations":[{"start":{"line":152,"column":4},"end":{"line":154,"column":5}}]}},"s":{"0":1,"1":1,"2":8,"3":8,"4":2,"5":2,"6":1,"7":1,"8":1,"9":1,"10":0,"11":1,"12":1,"13":1,"14":0,"15":1,"16":0,"17":1,"18":0,"19":1,"20":0,"21":1,"22":1,"23":0,"24":0,"25":2,"26":2,"27":2,"28":0,"29":0,"30":1,"31":1,"32":1,"33":0,"34":0,"35":0,"36":0,"37":0,"38":0,"39":1,"40":1,"41":0,"42":0,"43":0,"44":0,"45":1,"46":1,"47":0,"48":0,"49":0,"50":0,"51":4,"52":0,"53":4,"54":1},"f":{"0":8,"1":2,"2":1,"3":2,"4":1,"5":1,"6":1,"7":4},"b":{"0":[1],"1":[0],"2":[0],"3":[0],"4":[0],"5":[1,0],"6":[1,1],"7":[0],"8":[0],"9":[0],"10":[0],"11":[0]}}
,"/home/escarabelg/dev/simple-bank-iterop-scalable/backend/src/infra/repositories/transaction.repository.ts": {"path":"/home/escarabelg/dev/simple-bank-iterop-scalable/backend/src/infra/repositories/transaction.repository.ts","statementMap":{"0":{"start":{"line":3,"column":0},"end":{"line":3,"column":55}},"1":{"start":{"line":11,"column":0},"end":{"line":11,"column":59}},"2":{"start":{"line":12,"column":0},"end":{"line":12,"column":77}},"3":{"start":{"line":16,"column":31},"end":{"line":16,"column":59}},"4":{"start":{"line":17,"column":4},"end":{"line":17,"column":38}},"5":{"start":{"line":23,"column":4},"end":{"line":71,"column":5}},"6":{"start":{"line":24,"column":6},"end":{"line":59,"column":9}},"7":{"start":{"line":25,"column":22},"end":{"line":25,"column":52}},"8":{"start":{"line":27,"column":32},"end":{"line":31,"column":null}},"9":{"start":{"line":34,"column":23},"end":{"line":36,"column":33}},"10":{"start":{"line":39,"column":10},"end":{"line":41,"column":31}},"11":{"start":{"line":43,"column":8},"end":{"line":45,"column":9}},"12":{"start":{"line":44,"column":10},"end":{"line":44,"column":48}},"13":{"start":{"line":47,"column":31},"end":{"line":56,"column":10}},"14":{"start":{"line":58,"column":8},"end":{"line":58,"column":45}},"15":{"start":{"line":61,"column":6},"end":{"line":64,"column":8}},"16":{"start":{"line":66,"column":6},"end":{"line":68,"column":7}},"17":{"start":{"line":67,"column":8},"end":{"line":67,"column":20}},"18":{"start":{"line":70,"column":6},"end":{"line":70,"column":76}},"19":{"start":{"line":77,"column":4},"end":{"line":93,"column":5}},"20":{"start":{"line":78,"column":27},"end":{"line":84,"column":8}},"21":{"start":{"line":86,"column":6},"end":{"line":86,"column":72}},"22":{"start":{"line":88,"column":6},"end":{"line":91,"column":8}},"23":{"start":{"line":92,"column":6},"end":{"line":92,"column":60}},"24":{"start":{"line":109,"column":4},"end":{"line":111,"column":5}},"25":{"start":{"line":110,"column":6},"end":{"line":110,"column":18}},"26":{"start":{"line":113,"column":4},"end":{"line":123,"column":27}},"27":{"start":{"line":14,"column":0},"end":{"line":14,"column":13}}},"fnMap":{"0":{"name":"(anonymous_0)","decl":{"start":{"line":16,"column":2},"end":{"line":16,"column":31}},"loc":{"start":{"line":16,"column":59},"end":{"line":18,"column":3}}},"1":{"name":"(anonymous_1)","decl":{"start":{"line":20,"column":9},"end":{"line":20,"column":14}},"loc":{"start":{"line":21,"column":35},"end":{"line":72,"column":3}}},"2":{"name":"(anonymous_2)","decl":{"start":{"line":24,"column":51},"end":{"line":24,"column":56}},"loc":{"start":{"line":24,"column":64},"end":{"line":59,"column":7}}},"3":{"name":"(anonymous_3)","decl":{"start":{"line":74,"column":9},"end":{"line":74,"column":14}},"loc":{"start":{"line":75,"column":26},"end":{"line":94,"column":3}}},"4":{"name":"(anonymous_4)","decl":{"start":{"line":96,"column":10},"end":{"line":96,"column":18}},"loc":{"start":{"line":107,"column":12},"end":{"line":124,"column":3}}}},"branchMap":{"0":{"loc":{"start":{"line":34,"column":23},"end":{"line":36,"column":33}},"type":"cond-expr","locations":[{"start":{"line":35,"column":12},"end":{"line":35,"column":51}},{"start":{"line":36,"column":12},"end":{"line":36,"column":33}}]},"1":{"loc":{"start":{"line":39,"column":10},"end":{"line":41,"column":31}},"type":"cond-expr","locations":[{"start":{"line":40,"column":14},"end":{"line":40,"column":31}},{"start":{"line":41,"column":14},"end":{"line":41,"column":31}}]},"2":{"loc":{"start":{"line":43,"column":8},"end":{"line":45,"column":9}},"type":"if","locations":[{"start":{"line":43,"column":8},"end":{"line":45,"column":9}}]},"3":{"loc":{"start":{"line":66,"column":6},"end":{"line":68,"column":7}},"type":"if","locations":[{"start":{"line":66,"column":6},"end":{"line":68,"column":7}}]},"4":{"loc":{"start":{"line":86,"column":13},"end":{"line":86,"column":71}},"type":"cond-expr","locations":[{"start":{"line":86,"column":35},"end":{"line":86,"column":66}},{"start":{"line":86,"column":69},"end":{"line":86,"column":71}}]},"5":{"loc":{"start":{"line":109,"column":4},"end":{"line":111,"column":5}},"type":"if","locations":[{"start":{"line":109,"column":4},"end":{"line":111,"column":5}}]}},"s":{"0":1,"1":1,"2":1,"3":6,"4":6,"5":3,"6":3,"7":2,"8":2,"9":2,"10":2,"11":2,"12":1,"13":1,"14":1,"15":2,"16":2,"17":1,"18":1,"19":3,"20":3,"21":2,"22":1,"23":1,"24":4,"25":2,"26":2,"27":1},"f":{"0":6,"1":3,"2":2,"3":3,"4":4},"b":{"0":[0,2],"1":[1,1],"2":[1],"3":[1],"4":[1,1],"5":[2]}}
,"/home/escarabelg/dev/simple-bank-iterop-scalable/backend/src/presentation/http/controllers/client.controller.ts": {"path":"/home/escarabelg/dev/simple-bank-iterop-scalable/backend/src/presentation/http/controllers/client.controller.ts","statementMap":{"0":{"start":{"line":1,"column":0},"end":{"line":1,"column":null}},"1":{"start":{"line":12,"column":0},"end":{"line":12,"column":null}},"2":{"start":{"line":24,"column":0},"end":{"line":24,"column":null}},"3":{"start":{"line":34,"column":7},"end":{"line":136,"column":null}},"4":{"start":{"line":37,"column":21},"end":{"line":37,"column":62}},"5":{"start":{"line":40,"column":21},"end":{"line":40,"column":62}},"6":{"start":{"line":43,"column":21},"end":{"line":43,"column":56}},"7":{"start":{"line":46,"column":21},"end":{"line":46,"column":62}},"8":{"start":{"line":49,"column":21},"end":{"line":49,"column":58}},"9":{"start":{"line":68,"column":19},"end":{"line":68,"column":65}},"10":{"start":{"line":69,"column":4},"end":{"line":69,"column":39}},"11":{"start":{"line":82,"column":20},"end":{"line":82,"column":58}},"12":{"start":{"line":83,"column":4},"end":{"line":83,"column":44}},"13":{"start":{"line":96,"column":19},"end":{"line":96,"column":71}},"14":{"start":{"line":97,"column":4},"end":{"line":97,"column":39}},"15":{"start":{"line":113,"column":19},"end":{"line":120,"column":6}},"16":{"start":{"line":121,"column":4},"end":{"line":121,"column":18}},"17":{"start":{"line":134,"column":4},"end":{"line":134,"column":60}},"18":{"start":{"line":34,"column":13},"end":{"line":34,"column":29}},"19":{"start":{"line":65,"column":8},"end":{"line":70,"column":null}},"20":{"start":{"line":81,"column":8},"end":{"line":84,"column":null}},"21":{"start":{"line":95,"column":8},"end":{"line":98,"column":null}},"22":{"start":{"line":109,"column":8},"end":{"line":122,"column":null}},"23":{"start":{"line":133,"column":8},"end":{"line":135,"column":null}},"24":{"start":{"line":34,"column":13},"end":{"line":136,"column":null}}},"fnMap":{"0":{"name":"(anonymous_4)","decl":{"start":{"line":35,"column":2},"end":{"line":35,"column":null}},"loc":{"start":{"line":49,"column":58},"end":{"line":50,"column":6}}},"1":{"name":"(anonymous_5)","decl":{"start":{"line":65,"column":2},"end":{"line":65,"column":7}},"loc":{"start":{"line":66,"column":42},"end":{"line":70,"column":3}}},"2":{"name":"(anonymous_6)","decl":{"start":{"line":81,"column":2},"end":{"line":81,"column":7}},"loc":{"start":{"line":81,"column":15},"end":{"line":84,"column":3}}},"3":{"name":"(anonymous_7)","decl":{"start":{"line":95,"column":2},"end":{"line":95,"column":7}},"loc":{"start":{"line":95,"column":46},"end":{"line":98,"column":3}}},"4":{"name":"(anonymous_8)","decl":{"start":{"line":109,"column":2},"end":{"line":109,"column":7}},"loc":{"start":{"line":111,"column":40},"end":{"line":122,"column":3}}},"5":{"name":"(anonymous_9)","decl":{"start":{"line":133,"column":2},"end":{"line":133,"column":7}},"loc":{"start":{"line":133,"column":49},"end":{"line":135,"column":3}}}},"branchMap":{},"s":{"0":1,"1":1,"2":1,"3":1,"4":5,"5":5,"6":5,"7":5,"8":5,"9":1,"10":1,"11":1,"12":1,"13":1,"14":1,"15":1,"16":1,"17":1,"18":1,"19":1,"20":1,"21":1,"22":1,"23":1,"24":1},"f":{"0":5,"1":1,"2":1,"3":1,"4":1,"5":1},"b":{}}
,"/home/escarabelg/dev/simple-bank-iterop-scalable/backend/src/presentation/http/controllers/transaction.controller.ts": {"path":"/home/escarabelg/dev/simple-bank-iterop-scalable/backend/src/presentation/http/controllers/transaction.controller.ts","statementMap":{"0":{"start":{"line":1,"column":0},"end":{"line":1,"column":null}},"1":{"start":{"line":10,"column":0},"end":{"line":10,"column":77}},"2":{"start":{"line":11,"column":0},"end":{"line":11,"column":null}},"3":{"start":{"line":17,"column":0},"end":{"line":17,"column":77}},"4":{"start":{"line":23,"column":7},"end":{"line":93,"column":null}},"5":{"start":{"line":26,"column":21},"end":{"line":26,"column":72}},"6":{"start":{"line":29,"column":21},"end":{"line":29,"column":68}},"7":{"start":{"line":45,"column":24},"end":{"line":49,"column":6}},"8":{"start":{"line":51,"column":4},"end":{"line":51,"column":41}},"9":{"start":{"line":67,"column":24},"end":{"line":71,"column":6}},"10":{"start":{"line":73,"column":4},"end":{"line":73,"column":41}},"11":{"start":{"line":87,"column":25},"end":{"line":88,"column":null}},"12":{"start":{"line":91,"column":4},"end":{"line":91,"column":46}},"13":{"start":{"line":23,"column":13},"end":{"line":23,"column":34}},"14":{"start":{"line":41,"column":8},"end":{"line":52,"column":null}},"15":{"start":{"line":63,"column":8},"end":{"line":74,"column":null}},"16":{"start":{"line":84,"column":8},"end":{"line":92,"column":null}},"17":{"start":{"line":23,"column":13},"end":{"line":93,"column":null}}},"fnMap":{"0":{"name":"(anonymous_4)","decl":{"start":{"line":24,"column":2},"end":{"line":24,"column":null}},"loc":{"start":{"line":29,"column":68},"end":{"line":30,"column":6}}},"1":{"name":"(anonymous_5)","decl":{"start":{"line":41,"column":2},"end":{"line":41,"column":7}},"loc":{"start":{"line":43,"column":32},"end":{"line":52,"column":3}}},"2":{"name":"(anonymous_6)","decl":{"start":{"line":63,"column":2},"end":{"line":63,"column":7}},"loc":{"start":{"line":65,"column":32},"end":{"line":74,"column":3}}},"3":{"name":"(anonymous_7)","decl":{"start":{"line":84,"column":2},"end":{"line":84,"column":7}},"loc":{"start":{"line":85,"column":44},"end":{"line":92,"column":3}}}},"branchMap":{},"s":{"0":1,"1":1,"2":1,"3":1,"4":1,"5":3,"6":3,"7":1,"8":1,"9":1,"10":1,"11":1,"12":1,"13":1,"14":1,"15":1,"16":1,"17":1},"f":{"0":3,"1":1,"2":1,"3":1},"b":{}}
,"/home/escarabelg/dev/simple-bank-iterop-scalable/backend/src/presentation/http/dtos/client.dto.ts": {"path":"/home/escarabelg/dev/simple-bank-iterop-scalable/backend/src/presentation/http/dtos/client.dto.ts","statementMap":{"0":{"start":{"line":1,"column":0},"end":{"line":1,"column":null}},"1":{"start":{"line":10,"column":0},"end":{"line":10,"column":13}},"2":{"start":{"line":13,"column":2},"end":{"line":13,"column":null}},"3":{"start":{"line":16,"column":0},"end":{"line":16,"column":13}},"4":{"start":{"line":19,"column":2},"end":{"line":19,"column":null}},"5":{"start":{"line":23,"column":2},"end":{"line":23,"column":null}},"6":{"start":{"line":26,"column":0},"end":{"line":26,"column":13}},"7":{"start":{"line":29,"column":2},"end":{"line":29,"column":null}},"8":{"start":{"line":32,"column":0},"end":{"line":32,"column":13}},"9":{"start":{"line":35,"column":2},"end":{"line":35,"column":null}},"10":{"start":{"line":39,"column":2},"end":{"line":39,"column":null}},"11":{"start":{"line":43,"column":2},"end":{"line":43,"column":null}},"12":{"start":{"line":47,"column":2},"end":{"line":47,"column":null}},"13":{"start":{"line":51,"column":2},"end":{"line":51,"column":null}},"14":{"start":{"line":55,"column":2},"end":{"line":55,"column":null}},"15":{"start":{"line":58,"column":35},"end":{"line":67,"column":2}},"16":{"start":{"line":60,"column":25},"end":{"line":67,"column":2}},"17":{"start":{"line":58,"column":13},"end":{"line":58,"column":35}}},"fnMap":{"0":{"name":"(anonymous_2)","decl":{"start":{"line":58,"column":35},"end":{"line":58,"column":null}},"loc":{"start":{"line":60,"column":25},"end":{"line":67,"column":2}}}},"branchMap":{},"s":{"0":1,"1":1,"2":1,"3":1,"4":1,"5":1,"6":1,"7":1,"8":1,"9":1,"10":1,"11":1,"12":1,"13":1,"14":1,"15":1,"16":3,"17":1},"f":{"0":3},"b":{}}
,"/home/escarabelg/dev/simple-bank-iterop-scalable/backend/src/presentation/http/dtos/transaction.dto.ts": {"path":"/home/escarabelg/dev/simple-bank-iterop-scalable/backend/src/presentation/http/dtos/transaction.dto.ts","statementMap":{"0":{"start":{"line":1,"column":0},"end":{"line":1,"column":null}},"1":{"start":{"line":11,"column":0},"end":{"line":11,"column":13}},"2":{"start":{"line":14,"column":2},"end":{"line":14,"column":null}},"3":{"start":{"line":17,"column":0},"end":{"line":17,"column":13}},"4":{"start":{"line":20,"column":2},"end":{"line":20,"column":null}},"5":{"start":{"line":23,"column":0},"end":{"line":23,"column":13}},"6":{"start":{"line":26,"column":2},"end":{"line":26,"column":null}},"7":{"start":{"line":30,"column":2},"end":{"line":30,"column":null}},"8":{"start":{"line":34,"column":2},"end":{"line":34,"column":null}},"9":{"start":{"line":38,"column":2},"end":{"line":38,"column":null}},"10":{"start":{"line":42,"column":2},"end":{"line":42,"column":null}},"11":{"start":{"line":46,"column":2},"end":{"line":46,"column":null}},"12":{"start":{"line":50,"column":2},"end":{"line":50,"column":null}},"13":{"start":{"line":54,"column":2},"end":{"line":54,"column":null}},"14":{"start":{"line":58,"column":2},"end":{"line":58,"column":null}},"15":{"start":{"line":61,"column":32},"end":{"line":73,"column":2}},"16":{"start":{"line":63,"column":30},"end":{"line":73,"column":2}},"17":{"start":{"line":61,"column":13},"end":{"line":61,"column":32}}},"fnMap":{"0":{"name":"(anonymous_2)","decl":{"start":{"line":61,"column":32},"end":{"line":61,"column":null}},"loc":{"start":{"line":63,"column":30},"end":{"line":73,"column":2}}}},"branchMap":{},"s":{"0":1,"1":1,"2":1,"3":1,"4":1,"5":1,"6":1,"7":1,"8":1,"9":1,"10":1,"11":1,"12":1,"13":1,"14":1,"15":1,"16":3,"17":1},"f":{"0":3},"b":{}}
}
