TN:
SF:src/app/usecases/client/create-client.usecase.ts
FN:13,(anonymous_0)
FN:20,(anonymous_1)
FNF:2
FNH:2
FNDA:2,(anonymous_0)
FNDA:2,(anonymous_1)
DA:2,1
DA:12,1
DA:14,2
DA:15,2
DA:16,2
DA:17,2
DA:21,2
DA:25,2
DA:26,1
DA:29,1
DA:30,1
DA:36,1
DA:41,1
LF:13
LH:13
BRDA:25,0,0,1
BRF:1
BRH:1
end_of_record
TN:
SF:src/app/usecases/client/delete-client.usecase.ts
FN:8,(anonymous_0)
FN:14,(anonymous_1)
FNF:2
FNH:2
FNDA:2,(anonymous_0)
FNDA:2,(anonymous_1)
DA:7,1
DA:9,2
DA:10,2
DA:11,2
DA:15,2
DA:17,2
DA:18,1
DA:21,1
DA:23,1
LF:9
LH:9
BRDA:17,0,0,1
BRF:1
BRH:1
end_of_record
TN:
SF:src/app/usecases/client/get-client.usecase.ts
FN:7,(anonymous_0)
FN:12,(anonymous_1)
FNF:2
FNH:2
FNDA:2,(anonymous_0)
FNDA:2,(anonymous_1)
DA:6,1
DA:8,2
DA:9,2
DA:13,2
DA:15,2
DA:16,1
DA:19,1
LF:7
LH:7
BRDA:15,0,0,1
BRF:1
BRH:1
end_of_record
TN:
SF:src/app/usecases/client/list-client.usecase.ts
FN:6,(anonymous_0)
FN:8,(anonymous_1)
FNF:2
FNH:2
FNDA:2,(anonymous_0)
FNDA:2,(anonymous_1)
DA:5,1
DA:6,2
DA:9,2
DA:10,2
LF:4
LH:4
BRF:0
BRH:0
end_of_record
TN:
SF:src/app/usecases/client/update-client.usecase.ts
FN:11,(anonymous_0)
FN:17,(anonymous_1)
FNF:2
FNH:2
FNDA:2,(anonymous_0)
FNDA:2,(anonymous_1)
DA:10,1
DA:12,2
DA:13,2
DA:14,2
DA:18,2
DA:22,2
DA:23,1
DA:26,1
DA:28,1
DA:33,1
LF:10
LH:10
BRDA:22,0,0,1
BRF:1
BRH:1
end_of_record
TN:
SF:src/app/usecases/transaction/create-transaction.usecase.ts
FN:13,(anonymous_0)
FN:20,(anonymous_1)
FNF:2
FNH:2
FNDA:5,(anonymous_0)
FNDA:5,(anonymous_1)
DA:10,1
DA:12,1
DA:14,5
DA:15,5
DA:16,5
DA:17,5
DA:23,5
DA:24,1
DA:29,4
DA:33,4
DA:34,1
DA:37,3
DA:38,3
DA:40,1
DA:45,1
DA:47,2
DA:48,1
DA:51,1
LF:18
LH:18
BRDA:23,0,0,1
BRDA:33,1,0,1
BRDA:47,2,0,1
BRF:3
BRH:3
end_of_record
TN:
SF:src/app/usecases/transaction/list-transaction.usecase.ts
FN:9,(anonymous_0)
FN:15,(anonymous_1)
FNF:2
FNH:2
FNDA:2,(anonymous_0)
FNDA:2,(anonymous_1)
DA:8,1
DA:10,2
DA:11,2
DA:12,2
DA:16,2
DA:20,2
DA:21,1
DA:24,1
DA:28,1
LF:9
LH:9
BRDA:20,0,0,1
BRF:1
BRH:1
end_of_record
TN:
SF:src/domain/entities/client.entity.ts
FNF:0
FNH:0
DA:1,0
LF:1
LH:0
BRF:0
BRH:0
end_of_record
TN:
SF:src/domain/entities/transaction.entity.ts
FNF:0
FNH:0
DA:4,0
LF:1
LH:0
BRF:0
BRH:0
end_of_record
TN:
SF:src/domain/enums/transaction-type.enum.ts
FN:1,(anonymous_0)
FNF:1
FNH:1
FNDA:5,(anonymous_0)
DA:1,5
DA:2,5
DA:3,5
DA:4,5
LF:4
LH:4
BRDA:1,0,0,5
BRDA:1,0,1,5
BRF:2
BRH:2
end_of_record
TN:
SF:src/infra/bank-money/bank-money.infra.ts
FN:10,(anonymous_0)
FN:14,(anonymous_1)
FN:20,(anonymous_2)
FN:24,(anonymous_3)
FN:28,(anonymous_4)
FN:32,(anonymous_5)
FN:36,(anonymous_6)
FN:40,(anonymous_7)
FN:44,(anonymous_8)
FN:48,(anonymous_9)
FN:52,(anonymous_10)
FNF:11
FNH:11
FNDA:58,(anonymous_0)
FNDA:40,(anonymous_1)
FNDA:3,(anonymous_2)
FNDA:3,(anonymous_3)
FNDA:4,(anonymous_4)
FNDA:5,(anonymous_5)
FNDA:2,(anonymous_6)
FNDA:2,(anonymous_7)
FNDA:10,(anonymous_8)
FNDA:25,(anonymous_9)
FNDA:19,(anonymous_10)
DA:1,4
DA:7,4
DA:11,58
DA:15,40
DA:16,39
DA:17,38
DA:21,3
DA:25,3
DA:29,4
DA:33,5
DA:37,2
DA:41,2
DA:45,10
DA:49,25
DA:53,19
DA:54,13
DA:55,13
LF:17
LH:17
BRDA:15,0,0,1
BRDA:16,1,0,1
BRDA:53,2,0,6
BRDA:54,3,0,0
BRF:4
BRH:3
end_of_record
TN:
SF:src/infra/exception/exception.infra.ts
FN:9,(anonymous_0)
FN:13,(anonymous_1)
FN:17,(anonymous_2)
FNF:3
FNH:3
FNDA:1,(anonymous_0)
FNDA:2,(anonymous_1)
FNDA:1,(anonymous_2)
DA:1,1
DA:8,1
DA:10,1
DA:14,2
DA:18,1
LF:5
LH:5
BRF:0
BRH:0
end_of_record
TN:
SF:src/infra/logger/logger.infra.ts
FN:5,(anonymous_0)
FN:8,(anonymous_1)
FNF:2
FNH:2
FNDA:1,(anonymous_0)
FNDA:2,(anonymous_1)
DA:1,3
DA:4,3
DA:6,1
DA:9,2
LF:4
LH:4
BRF:0
BRH:0
end_of_record
TN:
SF:src/infra/repositories/client.repository.ts
FN:15,(anonymous_0)
FN:19,(anonymous_1)
FN:36,(anonymous_2)
FN:58,(anonymous_3)
FN:76,(anonymous_4)
FN:107,(anonymous_5)
FN:124,(anonymous_6)
FN:142,(anonymous_7)
FNF:8
FNH:8
FNDA:8,(anonymous_0)
FNDA:2,(anonymous_1)
FNDA:1,(anonymous_2)
FNDA:2,(anonymous_3)
FNDA:1,(anonymous_4)
FNDA:1,(anonymous_5)
FNDA:1,(anonymous_6)
FNDA:4,(anonymous_7)
DA:3,1
DA:5,1
DA:13,1
DA:15,8
DA:16,8
DA:20,2
DA:21,2
DA:24,1
DA:26,1
DA:27,1
DA:28,1
DA:32,0
DA:37,1
DA:38,1
DA:39,1
DA:40,1
DA:41,0
DA:42,1
DA:43,1
DA:45,1
DA:51,1
DA:53,0
DA:54,0
DA:59,2
DA:60,2
DA:66,2
DA:68,0
DA:72,0
DA:77,1
DA:78,1
DA:85,1
DA:87,0
DA:91,0
DA:94,0
DA:96,0
DA:99,0
DA:103,0
DA:108,1
DA:109,1
DA:113,0
DA:117,0
DA:118,0
DA:120,0
DA:125,1
DA:126,1
DA:131,0
DA:135,0
DA:136,0
DA:138,0
DA:152,4
DA:153,0
DA:156,4
LF:52
LH:31
BRDA:27,0,0,1
BRDA:39,1,0,0
BRDA:40,2,0,0
BRDA:42,3,0,0
BRDA:43,4,0,0
BRDA:51,5,0,1
BRDA:51,5,1,0
BRDA:66,6,0,1
BRDA:66,6,1,1
BRDA:91,7,0,0
BRDA:96,8,0,0
BRDA:117,9,0,0
BRDA:135,10,0,0
BRDA:152,11,0,0
BRF:14
BRH:4
end_of_record
TN:
SF:src/infra/repositories/transaction.repository.ts
FN:16,(anonymous_0)
FN:20,(anonymous_1)
FN:24,(anonymous_2)
FN:74,(anonymous_3)
FN:96,(anonymous_4)
FNF:5
FNH:5
FNDA:6,(anonymous_0)
FNDA:3,(anonymous_1)
FNDA:2,(anonymous_2)
FNDA:3,(anonymous_3)
FNDA:4,(anonymous_4)
DA:3,1
DA:11,1
DA:12,1
DA:14,1
DA:16,6
DA:17,6
DA:23,3
DA:24,3
DA:25,2
DA:27,2
DA:34,2
DA:39,2
DA:43,2
DA:44,1
DA:47,1
DA:58,1
DA:61,2
DA:66,2
DA:67,1
DA:70,1
DA:77,3
DA:78,3
DA:86,2
DA:88,1
DA:92,1
DA:109,4
DA:110,2
DA:113,2
LF:28
LH:28
BRDA:34,0,0,0
BRDA:34,0,1,2
BRDA:39,1,0,1
BRDA:39,1,1,1
BRDA:43,2,0,1
BRDA:66,3,0,1
BRDA:86,4,0,1
BRDA:86,4,1,1
BRDA:109,5,0,2
BRF:9
BRH:8
end_of_record
TN:
SF:src/presentation/http/controllers/client.controller.ts
FN:35,(anonymous_4)
FN:65,(anonymous_5)
FN:81,(anonymous_6)
FN:95,(anonymous_7)
FN:109,(anonymous_8)
FN:133,(anonymous_9)
FNF:6
FNH:6
FNDA:5,(anonymous_4)
FNDA:1,(anonymous_5)
FNDA:1,(anonymous_6)
FNDA:1,(anonymous_7)
FNDA:1,(anonymous_8)
FNDA:1,(anonymous_9)
DA:1,1
DA:12,1
DA:24,1
DA:34,1
DA:37,5
DA:40,5
DA:43,5
DA:46,5
DA:49,5
DA:65,1
DA:68,1
DA:69,1
DA:81,1
DA:82,1
DA:83,1
DA:95,1
DA:96,1
DA:97,1
DA:109,1
DA:113,1
DA:121,1
DA:133,1
DA:134,1
LF:23
LH:23
BRF:0
BRH:0
end_of_record
TN:
SF:src/presentation/http/controllers/transaction.controller.ts
FN:24,(anonymous_4)
FN:41,(anonymous_5)
FN:63,(anonymous_6)
FN:84,(anonymous_7)
FNF:4
FNH:4
FNDA:3,(anonymous_4)
FNDA:1,(anonymous_5)
FNDA:1,(anonymous_6)
FNDA:1,(anonymous_7)
DA:1,1
DA:10,1
DA:11,1
DA:17,1
DA:23,1
DA:26,3
DA:29,3
DA:41,1
DA:45,1
DA:51,1
DA:63,1
DA:67,1
DA:73,1
DA:84,1
DA:87,1
DA:91,1
LF:16
LH:16
BRF:0
BRH:0
end_of_record
TN:
SF:src/presentation/http/dtos/client.dto.ts
FN:58,(anonymous_2)
FNF:1
FNH:1
FNDA:3,(anonymous_2)
DA:1,1
DA:10,1
DA:13,1
DA:16,1
DA:19,1
DA:23,1
DA:26,1
DA:29,1
DA:32,1
DA:35,1
DA:39,1
DA:43,1
DA:47,1
DA:51,1
DA:55,1
DA:58,1
DA:60,3
LF:17
LH:17
BRF:0
BRH:0
end_of_record
TN:
SF:src/presentation/http/dtos/transaction.dto.ts
FN:61,(anonymous_2)
FNF:1
FNH:1
FNDA:3,(anonymous_2)
DA:1,1
DA:11,1
DA:14,1
DA:17,1
DA:20,1
DA:23,1
DA:26,1
DA:30,1
DA:34,1
DA:38,1
DA:42,1
DA:46,1
DA:50,1
DA:54,1
DA:58,1
DA:61,1
DA:63,3
LF:17
LH:17
BRF:0
BRH:0
end_of_record
